Traceback (most recent call last):
  File "C:\Users\user\Desktop\company\newproject\manage.py", line 22, in <module>
    main()
  File "C:\Users\user\Desktop\company\newproject\manage.py", line 18, in main
    execute_from_command_line(sys.argv)
  File "C:\Users\user\Desktop\company\newvenv\Lib\site-packages\django\core\management\__init__.py", line 442, in execute_from_command_line
    utility.execute()
  File "C:\Users\user\Desktop\company\newvenv\Lib\site-packages\django\core\management\__init__.py", line 382, in execute
    settings.INSTALLED_APPS
  File "C:\Users\user\Desktop\company\newvenv\Lib\site-packages\django\conf\__init__.py", line 81, in __getattr__
    self._setup(name)
  File "C:\Users\user\Desktop\company\newvenv\Lib\site-packages\django\conf\__init__.py", line 68, in _setup
    self._wrapped = Settings(settings_module)
                    ^^^^^^^^^^^^^^^^^^^^^^^^^
  File "C:\Users\user\Desktop\company\newvenv\Lib\site-packages\django\conf\__init__.py", line 166, in __init__
    mod = importlib.import_module(self.SETTINGS_MODULE)
          ^^^^^^^^^^^^^^^^^^^^^^^^^^^^^^^^^^^^^^^^^^^^^
  File "C:\Users\user\AppData\Local\Programs\Python\Python311\Lib\importlib\__init__.py", line 126, in import_module
    return _bootstrap._gcd_import(name[level:], package, level)
           ^^^^^^^^^^^^^^^^^^^^^^^^^^^^^^^^^^^^^^^^^^^^^^^^^^^^
  File "<frozen importlib._bootstrap>", line 1206, in _gcd_import
  File "<frozen importlib._bootstrap>", line 1178, in _find_and_load
  File "<frozen importlib._bootstrap>", line 1149, in _find_and_load_unlocked
  File "<frozen importlib._bootstrap>", line 690, in _load_unlocked
  File "<frozen importlib._bootstrap_external>", line 940, in exec_module
  File "<frozen importlib._bootstrap>", line 241, in _call_with_frames_removed
  File "C:\Users\user\Desktop\company\newproject\newproject\settings.py", line 143, in <module>
    replace_colors_v2.py
    ^^^^^^^^^^^^^^^^^
NameError: name 'replace_colors_v2' is not defined
